Build started 11/15/2016 11:36:47 PM.
     1>Project "E:\Doctorat\CSIE\POO\Seminarii\Resurse\Apartament\Apartament\Apartament.vcxproj" on node 2 (Build target(s)).
     1>ClCompile:
         C:\Program Files (x86)\Microsoft Visual Studio 12.0\VC\bin\CL.exe /c /ZI /nologo /W3 /WX- /Od /Oy- /D WIN32 /D _DEBUG /D _CONSOLE /D _LIB /D _UNICODE /D UNICODE /Gm /EHsc /RTC1 /MDd /GS /fp:precise /Zc:wchar_t /Zc:forScope /Fo"Debug\\" /Fd"Debug\vc120.pdb" /Gd /TP /analyze- /errorReport:prompt Source.cpp
         Source.cpp
     1>e:\doctorat\csie\poo\seminarii\resurse\apartament\apartament\source.cpp(23): warning C4996: 'strcpy': This function or variable may be unsafe. Consider using strcpy_s instead. To disable deprecation, use _CRT_SECURE_NO_WARNINGS. See online help for details.
                 c:\program files (x86)\microsoft visual studio 12.0\vc\include\string.h(112) : see declaration of 'strcpy'
     1>e:\doctorat\csie\poo\seminarii\resurse\apartament\apartament\source.cpp(24): warning C4996: 'strcpy': This function or variable may be unsafe. Consider using strcpy_s instead. To disable deprecation, use _CRT_SECURE_NO_WARNINGS. See online help for details.
                 c:\program files (x86)\microsoft visual studio 12.0\vc\include\string.h(112) : see declaration of 'strcpy'
     1>e:\doctorat\csie\poo\seminarii\resurse\apartament\apartament\source.cpp(40): warning C4996: 'strcpy': This function or variable may be unsafe. Consider using strcpy_s instead. To disable deprecation, use _CRT_SECURE_NO_WARNINGS. See online help for details.
                 c:\program files (x86)\microsoft visual studio 12.0\vc\include\string.h(112) : see declaration of 'strcpy'
     1>e:\doctorat\csie\poo\seminarii\resurse\apartament\apartament\source.cpp(43): warning C4996: 'strcpy': This function or variable may be unsafe. Consider using strcpy_s instead. To disable deprecation, use _CRT_SECURE_NO_WARNINGS. See online help for details.
                 c:\program files (x86)\microsoft visual studio 12.0\vc\include\string.h(112) : see declaration of 'strcpy'
     1>e:\doctorat\csie\poo\seminarii\resurse\apartament\apartament\source.cpp(52): warning C4018: '<' : signed/unsigned mismatch
     1>e:\doctorat\csie\poo\seminarii\resurse\apartament\apartament\source.cpp(70): warning C4996: 'strcpy': This function or variable may be unsafe. Consider using strcpy_s instead. To disable deprecation, use _CRT_SECURE_NO_WARNINGS. See online help for details.
                 c:\program files (x86)\microsoft visual studio 12.0\vc\include\string.h(112) : see declaration of 'strcpy'
     1>e:\doctorat\csie\poo\seminarii\resurse\apartament\apartament\source.cpp(73): warning C4996: 'strcpy': This function or variable may be unsafe. Consider using strcpy_s instead. To disable deprecation, use _CRT_SECURE_NO_WARNINGS. See online help for details.
                 c:\program files (x86)\microsoft visual studio 12.0\vc\include\string.h(112) : see declaration of 'strcpy'
     1>e:\doctorat\csie\poo\seminarii\resurse\apartament\apartament\source.cpp(81): warning C4018: '<' : signed/unsigned mismatch
     1>e:\doctorat\csie\poo\seminarii\resurse\apartament\apartament\source.cpp(114): warning C4996: 'strcpy': This function or variable may be unsafe. Consider using strcpy_s instead. To disable deprecation, use _CRT_SECURE_NO_WARNINGS. See online help for details.
                 c:\program files (x86)\microsoft visual studio 12.0\vc\include\string.h(112) : see declaration of 'strcpy'
     1>e:\doctorat\csie\poo\seminarii\resurse\apartament\apartament\source.cpp(117): warning C4996: 'strcpy': This function or variable may be unsafe. Consider using strcpy_s instead. To disable deprecation, use _CRT_SECURE_NO_WARNINGS. See online help for details.
                 c:\program files (x86)\microsoft visual studio 12.0\vc\include\string.h(112) : see declaration of 'strcpy'
     1>e:\doctorat\csie\poo\seminarii\resurse\apartament\apartament\source.cpp(126): warning C4018: '<' : signed/unsigned mismatch
     1>e:\doctorat\csie\poo\seminarii\resurse\apartament\apartament\source.cpp(152): warning C4996: 'strcpy': This function or variable may be unsafe. Consider using strcpy_s instead. To disable deprecation, use _CRT_SECURE_NO_WARNINGS. See online help for details.
                 c:\program files (x86)\microsoft visual studio 12.0\vc\include\string.h(112) : see declaration of 'strcpy'
     1>e:\doctorat\csie\poo\seminarii\resurse\apartament\apartament\source.cpp(155): warning C4996: 'strcpy': This function or variable may be unsafe. Consider using strcpy_s instead. To disable deprecation, use _CRT_SECURE_NO_WARNINGS. See online help for details.
                 c:\program files (x86)\microsoft visual studio 12.0\vc\include\string.h(112) : see declaration of 'strcpy'
     1>e:\doctorat\csie\poo\seminarii\resurse\apartament\apartament\source.cpp(168): warning C4018: '<' : signed/unsigned mismatch
     1>e:\doctorat\csie\poo\seminarii\resurse\apartament\apartament\source.cpp(190): warning C4018: '<' : signed/unsigned mismatch
     1>e:\doctorat\csie\poo\seminarii\resurse\apartament\apartament\source.cpp(222): warning C4996: 'strcpy': This function or variable may be unsafe. Consider using strcpy_s instead. To disable deprecation, use _CRT_SECURE_NO_WARNINGS. See online help for details.
                 c:\program files (x86)\microsoft visual studio 12.0\vc\include\string.h(112) : see declaration of 'strcpy'
     1>e:\doctorat\csie\poo\seminarii\resurse\apartament\apartament\source.cpp(236): warning C4996: 'strcpy': This function or variable may be unsafe. Consider using strcpy_s instead. To disable deprecation, use _CRT_SECURE_NO_WARNINGS. See online help for details.
                 c:\program files (x86)\microsoft visual studio 12.0\vc\include\string.h(112) : see declaration of 'strcpy'
     1>e:\doctorat\csie\poo\seminarii\resurse\apartament\apartament\source.cpp(285): warning C4018: '<' : signed/unsigned mismatch
     1>e:\doctorat\csie\poo\seminarii\resurse\apartament\apartament\source.cpp(314): warning C4996: 'strcpy': This function or variable may be unsafe. Consider using strcpy_s instead. To disable deprecation, use _CRT_SECURE_NO_WARNINGS. See online help for details.
                 c:\program files (x86)\microsoft visual studio 12.0\vc\include\string.h(112) : see declaration of 'strcpy'
     1>e:\doctorat\csie\poo\seminarii\resurse\apartament\apartament\source.cpp(328): warning C4018: '<' : signed/unsigned mismatch
     1>e:\doctorat\csie\poo\seminarii\resurse\apartament\apartament\source.cpp(346): warning C4018: '<' : signed/unsigned mismatch
     1>e:\doctorat\csie\poo\seminarii\resurse\apartament\apartament\source.cpp(362): warning C4018: '<' : signed/unsigned mismatch
     1>e:\doctorat\csie\poo\seminarii\resurse\apartament\apartament\source.cpp(387): warning C4018: '<' : signed/unsigned mismatch
     1>e:\doctorat\csie\poo\seminarii\resurse\apartament\apartament\source.cpp(410): warning C4996: 'strcat': This function or variable may be unsafe. Consider using strcat_s instead. To disable deprecation, use _CRT_SECURE_NO_WARNINGS. See online help for details.
                 c:\program files (x86)\microsoft visual studio 12.0\vc\include\string.h(118) : see declaration of 'strcat'
     1>e:\doctorat\csie\poo\seminarii\resurse\apartament\apartament\source.cpp(411): warning C4996: 'strcat': This function or variable may be unsafe. Consider using strcat_s instead. To disable deprecation, use _CRT_SECURE_NO_WARNINGS. See online help for details.
                 c:\program files (x86)\microsoft visual studio 12.0\vc\include\string.h(118) : see declaration of 'strcat'
     1>e:\doctorat\csie\poo\seminarii\resurse\apartament\apartament\source.cpp(413): warning C4996: 'strcpy': This function or variable may be unsafe. Consider using strcpy_s instead. To disable deprecation, use _CRT_SECURE_NO_WARNINGS. See online help for details.
                 c:\program files (x86)\microsoft visual studio 12.0\vc\include\string.h(112) : see declaration of 'strcpy'
     1>e:\doctorat\csie\poo\seminarii\resurse\apartament\apartament\source.cpp(445): warning C4018: '>=' : signed/unsigned mismatch
     1>e:\doctorat\csie\poo\seminarii\resurse\apartament\apartament\source.cpp(466): warning C4018: '<' : signed/unsigned mismatch
     1>e:\doctorat\csie\poo\seminarii\resurse\apartament\apartament\source.cpp(515): warning C4305: 'initializing' : truncation from 'double' to 'float'
     1>e:\doctorat\csie\poo\seminarii\resurse\apartament\apartament\source.cpp(563): warning C4018: '<' : signed/unsigned mismatch
       Link:
         C:\Program Files (x86)\Microsoft Visual Studio 12.0\VC\bin\link.exe /ERRORREPORT:PROMPT /OUT:"E:\Doctorat\CSIE\POO\Seminarii\Resurse\Apartament\Debug\Apartament.exe" /INCREMENTAL /NOLOGO kernel32.lib user32.lib gdi32.lib winspool.lib comdlg32.lib advapi32.lib shell32.lib ole32.lib oleaut32.lib uuid.lib odbc32.lib odbccp32.lib /MANIFEST /MANIFESTUAC:"level='asInvoker' uiAccess='false'" /manifest:embed /DEBUG /PDB:"E:\Doctorat\CSIE\POO\Seminarii\Resurse\Apartament\Debug\Apartament.pdb" /SUBSYSTEM:CONSOLE /TLBID:1 /DYNAMICBASE /NXCOMPAT /IMPLIB:"E:\Doctorat\CSIE\POO\Seminarii\Resurse\Apartament\Debug\Apartament.lib" /MACHINE:X86 Debug\Source.obj
         Apartament.vcxproj -> E:\Doctorat\CSIE\POO\Seminarii\Resurse\Apartament\Debug\Apartament.exe
     1>Done Building Project "E:\Doctorat\CSIE\POO\Seminarii\Resurse\Apartament\Apartament\Apartament.vcxproj" (Build target(s)).

Build succeeded.

Time Elapsed 00:00:01.94
