Build started 12/14/2016 10:27:57 AM.
     1>Project "E:\Doctorat\CSIE\POO\Seminarii\1042\Seminar11Gr1042\Seminar10Gr1042\Seminar10Gr1042.vcxproj" on node 2 (Build target(s)).
     1>ClCompile:
         C:\Program Files (x86)\Microsoft Visual Studio 12.0\VC\bin\CL.exe /c /ZI /nologo /W3 /WX- /Od /Oy- /D WIN32 /D _DEBUG /D _CONSOLE /D _LIB /D _UNICODE /D UNICODE /Gm /EHsc /RTC1 /MDd /GS /fp:precise /Zc:wchar_t /Zc:forScope /Fo"Debug\\" /Fd"Debug\vc120.pdb" /Gd /TP /analyze- /errorReport:prompt Source.cpp
         Source.cpp
     1>e:\doctorat\csie\poo\seminarii\1042\seminar11gr1042\seminar10gr1042\source.cpp(14): warning C4996: 'strcpy': This function or variable may be unsafe. Consider using strcpy_s instead. To disable deprecation, use _CRT_SECURE_NO_WARNINGS. See online help for details.
                 c:\program files (x86)\microsoft visual studio 12.0\vc\include\string.h(112) : see declaration of 'strcpy'
     1>e:\doctorat\csie\poo\seminarii\1042\seminar11gr1042\seminar10gr1042\source.cpp(21): warning C4996: 'strcpy': This function or variable may be unsafe. Consider using strcpy_s instead. To disable deprecation, use _CRT_SECURE_NO_WARNINGS. See online help for details.
                 c:\program files (x86)\microsoft visual studio 12.0\vc\include\string.h(112) : see declaration of 'strcpy'
     1>e:\doctorat\csie\poo\seminarii\1042\seminar11gr1042\seminar10gr1042\source.cpp(28): warning C4996: 'strcpy': This function or variable may be unsafe. Consider using strcpy_s instead. To disable deprecation, use _CRT_SECURE_NO_WARNINGS. See online help for details.
                 c:\program files (x86)\microsoft visual studio 12.0\vc\include\string.h(112) : see declaration of 'strcpy'
     1>e:\doctorat\csie\poo\seminarii\1042\seminar11gr1042\seminar10gr1042\source.cpp(36): warning C4996: 'strcpy': This function or variable may be unsafe. Consider using strcpy_s instead. To disable deprecation, use _CRT_SECURE_NO_WARNINGS. See online help for details.
                 c:\program files (x86)\microsoft visual studio 12.0\vc\include\string.h(112) : see declaration of 'strcpy'
     1>e:\doctorat\csie\poo\seminarii\1042\seminar11gr1042\seminar10gr1042\source.cpp(82): warning C4996: 'strcpy': This function or variable may be unsafe. Consider using strcpy_s instead. To disable deprecation, use _CRT_SECURE_NO_WARNINGS. See online help for details.
                 c:\program files (x86)\microsoft visual studio 12.0\vc\include\string.h(112) : see declaration of 'strcpy'
     1>e:\doctorat\csie\poo\seminarii\1042\seminar11gr1042\seminar10gr1042\source.cpp(125): warning C4996: 'strcpy': This function or variable may be unsafe. Consider using strcpy_s instead. To disable deprecation, use _CRT_SECURE_NO_WARNINGS. See online help for details.
                 c:\program files (x86)\microsoft visual studio 12.0\vc\include\string.h(112) : see declaration of 'strcpy'
     1>e:\doctorat\csie\poo\seminarii\1042\seminar11gr1042\seminar10gr1042\source.cpp(134): warning C4996: 'strcpy': This function or variable may be unsafe. Consider using strcpy_s instead. To disable deprecation, use _CRT_SECURE_NO_WARNINGS. See online help for details.
                 c:\program files (x86)\microsoft visual studio 12.0\vc\include\string.h(112) : see declaration of 'strcpy'
     1>e:\doctorat\csie\poo\seminarii\1042\seminar11gr1042\seminar10gr1042\source.cpp(155): warning C4996: 'strcpy': This function or variable may be unsafe. Consider using strcpy_s instead. To disable deprecation, use _CRT_SECURE_NO_WARNINGS. See online help for details.
                 c:\program files (x86)\microsoft visual studio 12.0\vc\include\string.h(112) : see declaration of 'strcpy'
     1>e:\doctorat\csie\poo\seminarii\1042\seminar11gr1042\seminar10gr1042\source.cpp(184): warning C4996: 'strcpy': This function or variable may be unsafe. Consider using strcpy_s instead. To disable deprecation, use _CRT_SECURE_NO_WARNINGS. See online help for details.
                 c:\program files (x86)\microsoft visual studio 12.0\vc\include\string.h(112) : see declaration of 'strcpy'
       Link:
         C:\Program Files (x86)\Microsoft Visual Studio 12.0\VC\bin\link.exe /ERRORREPORT:PROMPT /OUT:"E:\Doctorat\CSIE\POO\Seminarii\1042\Seminar11Gr1042\Debug\Seminar10Gr1042.exe" /INCREMENTAL /NOLOGO kernel32.lib user32.lib gdi32.lib winspool.lib comdlg32.lib advapi32.lib shell32.lib ole32.lib oleaut32.lib uuid.lib odbc32.lib odbccp32.lib /MANIFEST /MANIFESTUAC:"level='asInvoker' uiAccess='false'" /manifest:embed /DEBUG /PDB:"E:\Doctorat\CSIE\POO\Seminarii\1042\Seminar11Gr1042\Debug\Seminar10Gr1042.pdb" /SUBSYSTEM:CONSOLE /TLBID:1 /DYNAMICBASE /NXCOMPAT /IMPLIB:"E:\Doctorat\CSIE\POO\Seminarii\1042\Seminar11Gr1042\Debug\Seminar10Gr1042.lib" /MACHINE:X86 Debug\Source.obj
         Seminar10Gr1042.vcxproj -> E:\Doctorat\CSIE\POO\Seminarii\1042\Seminar11Gr1042\Debug\Seminar10Gr1042.exe
     1>Done Building Project "E:\Doctorat\CSIE\POO\Seminarii\1042\Seminar11Gr1042\Seminar10Gr1042\Seminar10Gr1042.vcxproj" (Build target(s)).

Build succeeded.

Time Elapsed 00:00:02.21
