Build started 1/11/2017 11:24:20 PM.
     1>Project "E:\Doctorat\CSIE\POO\Seminarii\1042\Seminar13Gr1042\Seminar13Gr1042\Seminar13Gr1042.vcxproj" on node 2 (Build target(s)).
     1>ClCompile:
         C:\Program Files (x86)\Microsoft Visual Studio 12.0\VC\bin\CL.exe /c /ZI /nologo /W3 /WX- /Od /Oy- /D WIN32 /D _DEBUG /D _CONSOLE /D _LIB /D _UNICODE /D UNICODE /Gm /EHsc /RTC1 /MDd /GS /fp:precise /Zc:wchar_t /Zc:forScope /Fo"Debug\\" /Fd"Debug\vc120.pdb" /Gd /TP /analyze- /errorReport:prompt Source.cpp
         Source.cpp
     1>e:\doctorat\csie\poo\seminarii\1042\seminar13gr1042\seminar13gr1042\source.cpp(147): warning C4996: 'strcpy': This function or variable may be unsafe. Consider using strcpy_s instead. To disable deprecation, use _CRT_SECURE_NO_WARNINGS. See online help for details.
                 c:\program files (x86)\microsoft visual studio 12.0\vc\include\string.h(112) : see declaration of 'strcpy'
     1>e:\doctorat\csie\poo\seminarii\1042\seminar13gr1042\seminar13gr1042\source.cpp(171): warning C4996: 'strcpy': This function or variable may be unsafe. Consider using strcpy_s instead. To disable deprecation, use _CRT_SECURE_NO_WARNINGS. See online help for details.
                 c:\program files (x86)\microsoft visual studio 12.0\vc\include\string.h(112) : see declaration of 'strcpy'
     1>e:\doctorat\csie\poo\seminarii\1042\seminar13gr1042\seminar13gr1042\source.cpp(176): warning C4996: 'strcpy': This function or variable may be unsafe. Consider using strcpy_s instead. To disable deprecation, use _CRT_SECURE_NO_WARNINGS. See online help for details.
                 c:\program files (x86)\microsoft visual studio 12.0\vc\include\string.h(112) : see declaration of 'strcpy'
     1>e:\doctorat\csie\poo\seminarii\1042\seminar13gr1042\seminar13gr1042\source.cpp(33): warning C4996: 'strcpy': This function or variable may be unsafe. Consider using strcpy_s instead. To disable deprecation, use _CRT_SECURE_NO_WARNINGS. See online help for details.
                 c:\program files (x86)\microsoft visual studio 12.0\vc\include\string.h(112) : see declaration of 'strcpy'
                 e:\doctorat\csie\poo\seminarii\1042\seminar13gr1042\seminar13gr1042\source.cpp(214) : see reference to function template instantiation 'char *suma<char*>(char *,char *)' being compiled
     1>e:\doctorat\csie\poo\seminarii\1042\seminar13gr1042\seminar13gr1042\source.cpp(34): warning C4996: 'strcat': This function or variable may be unsafe. Consider using strcat_s instead. To disable deprecation, use _CRT_SECURE_NO_WARNINGS. See online help for details.
                 c:\program files (x86)\microsoft visual studio 12.0\vc\include\string.h(118) : see declaration of 'strcat'
       Link:
         C:\Program Files (x86)\Microsoft Visual Studio 12.0\VC\bin\link.exe /ERRORREPORT:PROMPT /OUT:"E:\Doctorat\CSIE\POO\Seminarii\1042\Seminar13Gr1042\Debug\Seminar13Gr1042.exe" /INCREMENTAL /NOLOGO kernel32.lib user32.lib gdi32.lib winspool.lib comdlg32.lib advapi32.lib shell32.lib ole32.lib oleaut32.lib uuid.lib odbc32.lib odbccp32.lib /MANIFEST /MANIFESTUAC:"level='asInvoker' uiAccess='false'" /manifest:embed /DEBUG /PDB:"E:\Doctorat\CSIE\POO\Seminarii\1042\Seminar13Gr1042\Debug\Seminar13Gr1042.pdb" /SUBSYSTEM:CONSOLE /TLBID:1 /DYNAMICBASE /NXCOMPAT /IMPLIB:"E:\Doctorat\CSIE\POO\Seminarii\1042\Seminar13Gr1042\Debug\Seminar13Gr1042.lib" /MACHINE:X86 Debug\Source.obj
         Seminar13Gr1042.vcxproj -> E:\Doctorat\CSIE\POO\Seminarii\1042\Seminar13Gr1042\Debug\Seminar13Gr1042.exe
     1>Done Building Project "E:\Doctorat\CSIE\POO\Seminarii\1042\Seminar13Gr1042\Seminar13Gr1042\Seminar13Gr1042.vcxproj" (Build target(s)).

Build succeeded.

Time Elapsed 00:00:02.59
